loading image __temp__img$$$.gif
VC System Compilation stats: 
137 ints (8248 expanded), 23 strings (6566 expanded), 178 functions, 4887 total lines

DESTINATION POS: 10950
CURRENT POS: 10950
Compiled 0-0.map, (112 lines), 12 functions
DESTINATION POS: 6863
CURRENT POS: 6863
Compiled 0-1.map, (37 lines), 6 functions
DESTINATION POS: 7306
CURRENT POS: 7306
Compiled 0-2.map, (52 lines), 6 functions
DESTINATION POS: 5161
CURRENT POS: 5161
Compiled 0-3.map, (25 lines), 4 functions
DESTINATION POS: 4572
CURRENT POS: 4572
Compiled 0-4.map, (20 lines), 3 functions
DESTINATION POS: 5471
CURRENT POS: 5471
Compiled 1-1.map, (108 lines), 6 functions
DESTINATION POS: 13773
CURRENT POS: 13773
Compiled 1-2.map, (105 lines), 7 functions
DESTINATION POS: 5909
CURRENT POS: 5909
Compiled 1-3.map, (84 lines), 6 functions
DESTINATION POS: 5162
CURRENT POS: 5162
Compiled 1-4.map, (60 lines), 4 functions
DESTINATION POS: 7955
CURRENT POS: 7955
Compiled 1-5.map, (128 lines), 9 functions
DESTINATION POS: 9089
CURRENT POS: 9089
Compiled 1-6.map, (56 lines), 9 functions
DESTINATION POS: 8610
CURRENT POS: 8610
Compiled 1-7.map, (173 lines), 11 functions
DESTINATION POS: 4577
CURRENT POS: 4577
Compiled 1-8.map, (142 lines), 5 functions
DESTINATION POS: 5939
CURRENT POS: 5939
Compiled 2-1.map, (54 lines), 5 functions
DESTINATION POS: 5841
CURRENT POS: 5841
Compiled 2-2.map, (147 lines), 6 functions
DESTINATION POS: 11005
CURRENT POS: 11005
Compiled 2-3.map, (125 lines), 13 functions
DESTINATION POS: 6646
CURRENT POS: 6646
Compiled 2-4.map, (27 lines), 4 functions
DESTINATION POS: 15813
CURRENT POS: 15813
Compiled 2-5.map, (116 lines), 16 functions
DESTINATION POS: 5071
CURRENT POS: 5071
Compiled 3-1.map, (44 lines), 4 functions
DESTINATION POS: 5107
CURRENT POS: 5107
Compiled 3-2.map, (20 lines), 3 functions
DESTINATION POS: 5604
CURRENT POS: 5604
Compiled 3-3.map, (58 lines), 5 functions
DESTINATION POS: 5219
CURRENT POS: 5219
Compiled 3-4.map, (42 lines), 4 functions
DESTINATION POS: 5220
CURRENT POS: 5220
Compiled EEE.map, (129 lines), 3 functions
DESTINATION POS: 7238
CURRENT POS: 7238
Compiled test.map, (71 lines), 7 functions
DESTINATION POS: 2571
CURRENT POS: 2571
Compiled title.map, (11 lines), 1 functions

LoadGameMusic :: Allocated song music/ambient.mp3 at handle 0
LoadGameMusic :: Allocated song music/computerRoom.mp3 at handle 1
LoadGameMusic :: Allocated song music/credits.mp3 at handle 2
LoadGameMusic :: Allocated song music/manufacturing.mp3 at handle 3
LoadGameMusic :: Allocated song music/title.mp3 at handle 4
loading image fonts/font0.png
loading image tbox.png
loading image tbox2.png
loading image banner.png
loading image c_arrow.png
loading image fonts/font0.png
loading image button.png
loading image mouse.png
loading image mouse_outline.png
loading image temperature_button.bmp
loading image temperature_bar.png
loading image right.png
loading image wrong.png
loading image button_over.png
loading image button_down.png
loading image sbutton.png
loading image sbutton_over.png
loading image sbutton_down.png
loading image lexico.png
loading image crane_shadow.png
loading image glyphs/glyph01.png
loading image glyphs/glyph01g.png
loading image glyphs/glyph01y.png
loading image glyphs/glyph02.png
loading image glyphs/glyph02g.png
loading image glyphs/glyph02y.png
loading image glyphs/glyph03.png
loading image glyphs/glyph03g.png
loading image glyphs/glyph03y.png
loading image glyphs/glyph04.png
loading image glyphs/glyph04g.png
loading image glyphs/glyph04y.png
loading image glyphs/glyph05.png
loading image glyphs/glyph05g.png
loading image glyphs/glyph05y.png
loading image glyphs/glyph06.png
loading image glyphs/glyph06g.png
loading image glyphs/glyph06y.png
loading image glyphs/glyph07.png
loading image glyphs/glyph07g.png
loading image glyphs/glyph07y.png
loading image glyphs/glyph08.png
loading image glyphs/glyph08g.png
loading image glyphs/glyph08y.png
loading image glyphs/glyph09.png
loading image glyphs/glyph09g.png
loading image glyphs/glyph09y.png
loading image glyphs/glyph10.png
loading image glyphs/glyph10g.png
loading image glyphs/glyph10y.png
loading image glyphs/glyph11.png
loading image glyphs/glyph11g.png
loading image glyphs/glyph11y.png
loading image glyphs/glyph12.png
loading image glyphs/glyph12g.png
loading image glyphs/glyph12y.png
loading image glyphs/glyph13.png
loading image glyphs/glyph13g.png
loading image glyphs/glyph13y.png
loading image glyphs/glyph14.png
loading image glyphs/glyph14g.png
loading image glyphs/glyph14y.png
loading image glyphs/glyph15.png
loading image glyphs/glyph15g.png
loading image glyphs/glyph15y.png
loading image glyphs/glyph16.png
loading image glyphs/glyph16g.png
loading image glyphs/glyph16y.png
loading image glyphs/glyph17.png
loading image glyphs/glyph17g.png
loading image glyphs/glyph17y.png
loading image glyphs/glyph18.png
loading image glyphs/glyph18g.png
loading image glyphs/glyph18y.png
loading image glyphs/glyph19.png
loading image glyphs/glyph19g.png
loading image glyphs/glyph19y.png
loading image glyphs/glyph20.png
loading image glyphs/glyph20g.png
loading image glyphs/glyph20y.png
loading image glyphs/glyph21.png
loading image glyphs/glyph21g.png
loading image glyphs/glyph21y.png
loading image glyphs/glyph22.png
loading image glyphs/glyph22g.png
loading image glyphs/glyph22y.png
loading image glyphs/glyph23.png
loading image glyphs/glyph23g.png
loading image glyphs/glyph23y.png
loading image glyphs/glyph24.png
loading image glyphs/glyph24g.png
loading image glyphs/glyph24y.png
loading image glyphs/glyph25.png
loading image glyphs/glyph25g.png
loading image glyphs/glyph25y.png
loading image glyphs/glyph26.png
loading image glyphs/glyph26g.png
loading image glyphs/glyph26y.png
loading image glyphs/glyph27.png
loading image glyphs/glyph27g.png
loading image glyphs/glyph27y.png
loading image glyphs/glyph28.png
loading image glyphs/glyph28g.png
loading image glyphs/glyph28y.png
loading image glyphs/glyph29.png
loading image glyphs/glyph29g.png
loading image glyphs/glyph29y.png
loading image glyphs/glyph30.png
loading image glyphs/glyph30g.png
loading image glyphs/glyph30y.png
loading image glyphs/glyph31.png
loading image glyphs/glyph31g.png
loading image glyphs/glyph31y.png
loading image glyphs/glyph32.png
loading image glyphs/glyph32g.png
loading image glyphs/glyph32y.png
loading image glyphs/glyph33.png
loading image glyphs/glyph33g.png
loading image glyphs/glyph33y.png
loading image glyphs/glyph34.png
loading image glyphs/glyph34g.png
loading image glyphs/glyph34y.png
loading image glyphs/glyph35.png
loading image glyphs/glyph35g.png
loading image glyphs/glyph35y.png
loading image glyphs/glyph36.png
loading image glyphs/glyph36g.png
loading image glyphs/glyph36y.png
loading image glyphs/glyph37.png
loading image glyphs/glyph37g.png
loading image glyphs/glyph37y.png
loading image glyphs/glyph38.png
loading image glyphs/glyph38g.png
loading image glyphs/glyph38y.png
loading image glyphs/glyph39.png
loading image glyphs/glyph39g.png
loading image glyphs/glyph39y.png
Now playing song 4 at handle 4
loading image minimaps/1-1.png
Now playing song 0 at handle 0
