vx/Image imported
vx/Font imported
vx/Socket imported
vx/Sound imported
vx/SoundChannel has error on requirement code/vx/init.lua:45: module 'vx/SoundChannel' not found:
	no field package.preload['vx/SoundChannel']
	no file '.\vx/SoundChannel.lua'
	no file 'C:\Verge\My Projects\Molasses Monsoon\lua\vx/SoundChannel.lua'
	no file 'C:\Verge\My Projects\Molasses Monsoon\lua\vx/SoundChannel\init.lua'
	no file 'C:\Verge\My Projects\Molasses Monsoon\vx/SoundChannel.lua'
	no file 'C:\Verge\My Projects\Molasses Monsoon\vx/SoundChannel\init.lua'
	no file 'vx/SoundChannel.lua'
	no file 'vx/SoundChannel/init.lua'
	no file 'vx/SoundChannel\init.lua'
	no file 'code/vx/SoundChannel.lua'
	no file 'code/vx/SoundChannel/init.lua'
	no file 'code/mungo/vx/SoundChannel.lua'
	no vpk'd module 'vx/SoundChannel'
	no file '.\vx/SoundChannel.dll'
	no file 'C:\Verge\My Projects\Molasses Monsoon\vx/SoundChannel.dll'
	no file 'C:\Verge\My Projects\Molasses Monsoon\loadall.dll'
vx/Song imported
vx/_vergeMap imported
vx/_vergeMapLayer has error on requirement code/vx/init.lua:45: module 'vx/_vergeMapLayer' not found:
	no field package.preload['vx/_vergeMapLayer']
	no file '.\vx/_vergeMapLayer.lua'
	no file 'C:\Verge\My Projects\Molasses Monsoon\lua\vx/_vergeMapLayer.lua'
	no file 'C:\Verge\My Projects\Molasses Monsoon\lua\vx/_vergeMapLayer\init.lua'
	no file 'C:\Verge\My Projects\Molasses Monsoon\vx/_vergeMapLayer.lua'
	no file 'C:\Verge\My Projects\Molasses Monsoon\vx/_vergeMapLayer\init.lua'
	no file 'vx/_vergeMapLayer.lua'
	no file 'vx/_vergeMapLayer/init.lua'
	no file 'vx/_vergeMapLayer\init.lua'
	no file 'code/vx/_vergeMapLayer.lua'
	no file 'code/vx/_vergeMapLayer/init.lua'
	no file 'code/mungo/vx/_vergeMapLayer.lua'
	no vpk'd module 'vx/_vergeMapLayer'
	no file '.\vx/_vergeMapLayer.dll'
	no file 'C:\Verge\My Projects\Molasses Monsoon\vx/_vergeMapLayer.dll'
	no file 'C:\Verge\My Projects\Molasses Monsoon\loadall.dll'
vx/_vergeMapZone has error on requirement code/vx/init.lua:45: module 'vx/_vergeMapZone' not found:
	no field package.preload['vx/_vergeMapZone']
	no file '.\vx/_vergeMapZone.lua'
	no file 'C:\Verge\My Projects\Molasses Monsoon\lua\vx/_vergeMapZone.lua'
	no file 'C:\Verge\My Projects\Molasses Monsoon\lua\vx/_vergeMapZone\init.lua'
	no file 'C:\Verge\My Projects\Molasses Monsoon\vx/_vergeMapZone.lua'
	no file 'C:\Verge\My Projects\Molasses Monsoon\vx/_vergeMapZone\init.lua'
	no file 'vx/_vergeMapZone.lua'
	no file 'vx/_vergeMapZone/init.lua'
	no file 'vx/_vergeMapZone\init.lua'
	no file 'code/vx/_vergeMapZone.lua'
	no file 'code/vx/_vergeMapZone/init.lua'
	no file 'code/mungo/vx/_vergeMapZone.lua'
	no vpk'd module 'vx/_vergeMapZone'
	no file '.\vx/_vergeMapZone.dll'
	no file 'C:\Verge\My Projects\Molasses Monsoon\vx/_vergeMapZone.dll'
	no file 'C:\Verge\My Projects\Molasses Monsoon\loadall.dll'
vx/Entity imported
vx/File imported
vx/_vergeCamera imported
vx/_vergeMouseInput imported
vx/_vergeMouseButtonInput has error on requirement code/vx/init.lua:45: module 'vx/_vergeMouseButtonInput' not found:
	no field package.preload['vx/_vergeMouseButtonInput']
	no file '.\vx/_vergeMouseButtonInput.lua'
	no file 'C:\Verge\My Projects\Molasses Monsoon\lua\vx/_vergeMouseButtonInput.lua'
	no file 'C:\Verge\My Projects\Molasses Monsoon\lua\vx/_vergeMouseButtonInput\init.lua'
	no file 'C:\Verge\My Projects\Molasses Monsoon\vx/_vergeMouseButtonInput.lua'
	no file 'C:\Verge\My Projects\Molasses Monsoon\vx/_vergeMouseButtonInput\init.lua'
	no file 'vx/_vergeMouseButtonInput.lua'
	no file 'vx/_vergeMouseButtonInput/init.lua'
	no file 'vx/_vergeMouseButtonInput\init.lua'
	no file 'code/vx/_vergeMouseButtonInput.lua'
	no file 'code/vx/_vergeMouseButtonInput/init.lua'
	no file 'code/mungo/vx/_vergeMouseButtonInput.lua'
	no vpk'd module 'vx/_vergeMouseButtonInput'
	no file '.\vx/_vergeMouseButtonInput.dll'
	no file 'C:\Verge\My Projects\Molasses Monsoon\vx/_vergeMouseButtonInput.dll'
	no file 'C:\Verge\My Projects\Molasses Monsoon\loadall.dll'
vx/_vergeKeyboardInput imported
vx/_vergeJoystickInput imported
vx/_vergeJoystickDirectionInput has error on requirement code/vx/init.lua:45: module 'vx/_vergeJoystickDirectionInput' not found:
	no field package.preload['vx/_vergeJoystickDirectionInput']
	no file '.\vx/_vergeJoystickDirectionInput.lua'
	no file 'C:\Verge\My Projects\Molasses Monsoon\lua\vx/_vergeJoystickDirectionInput.lua'
	no file 'C:\Verge\My Projects\Molasses Monsoon\lua\vx/_vergeJoystickDirectionInput\init.lua'
	no file 'C:\Verge\My Projects\Molasses Monsoon\vx/_vergeJoystickDirectionInput.lua'
	no file 'C:\Verge\My Projects\Molasses Monsoon\vx/_vergeJoystickDirectionInput\init.lua'
	no file 'vx/_vergeJoystickDirectionInput.lua'
	no file 'vx/_vergeJoystickDirectionInput/init.lua'
	no file 'vx/_vergeJoystickDirectionInput\init.lua'
	no file 'code/vx/_vergeJoystickDirectionInput.lua'
	no file 'code/vx/_vergeJoystickDirectionInput/init.lua'
	no file 'code/mungo/vx/_vergeJoystickDirectionInput.lua'
	no vpk'd module 'vx/_vergeJoystickDirectionInput'
	no file '.\vx/_vergeJoystickDirectionInput.dll'
	no file 'C:\Verge\My Projects\Molasses Monsoon\vx/_vergeJoystickDirectionInput.dll'
	no file 'C:\Verge\My Projects\Molasses Monsoon\loadall.dll'
vx/_vergeJoystickButtonInput has error on requirement code/vx/init.lua:45: module 'vx/_vergeJoystickButtonInput' not found:
	no field package.preload['vx/_vergeJoystickButtonInput']
	no file '.\vx/_vergeJoystickButtonInput.lua'
	no file 'C:\Verge\My Projects\Molasses Monsoon\lua\vx/_vergeJoystickButtonInput.lua'
	no file 'C:\Verge\My Projects\Molasses Monsoon\lua\vx/_vergeJoystickButtonInput\init.lua'
	no file 'C:\Verge\My Projects\Molasses Monsoon\vx/_vergeJoystickButtonInput.lua'
	no file 'C:\Verge\My Projects\Molasses Monsoon\vx/_vergeJoystickButtonInput\init.lua'
	no file 'vx/_vergeJoystickButtonInput.lua'
	no file 'vx/_vergeJoystickButtonInput/init.lua'
	no file 'vx/_vergeJoystickButtonInput\init.lua'
	no file 'code/vx/_vergeJoystickButtonInput.lua'
	no file 'code/vx/_vergeJoystickButtonInput/init.lua'
	no file 'code/mungo/vx/_vergeJoystickButtonInput.lua'
	no vpk'd module 'vx/_vergeJoystickButtonInput'
	no file '.\vx/_vergeJoystickButtonInput.dll'
	no file 'C:\Verge\My Projects\Molasses Monsoon\vx/_vergeJoystickButtonInput.dll'
	no file 'C:\Verge\My Projects\Molasses Monsoon\loadall.dll'
vx/_vergeClock imported
vx/_vergeMusic imported
textbox_arrow.png
ceiling_bounce.wav
door_close.wav
door_open.wav
explode.wav
explode2.wav
explode5.wav
hitwall.wav
hurt_enemy.wav
jump.wav
land.wav
land2.wav
land3.wav
notice.wav
shot.wav
shot2.wav
shot4.wav
stun_enemy.wav
teleport.wav
thump.wav
thump2.wav
thump3.wav
__shot.wav
Render string "1,2,R,E,3"
Item 1,
Item 2,
Item R,
Item E,
